Removed Pin From Net: NetName=3V3 Pin=GPIO1-1
Removed Pin From Net: NetName=3V3 Pin=GPIO1-2
Removed Pin From Net: NetName=GND Pin=GPIO1-3
Removed Pin From Net: NetName=GND Pin=GPIO1-4
Removed Pin From Net: NetName=GND Pin=GPIO1-5
Removed Pin From Net: NetName=GND Pin=GPIO1-6
Removed Pin From Net: NetName=PC0 Pin=GPIO1-7
Removed Pin From Net: NetName=KEY_S1 Pin=GPIO1-8
Removed Pin From Net: NetName=KEY_S2 Pin=GPIO1-9
Removed Pin From Net: NetName=KEY_S3 Pin=GPIO1-10
Removed Pin From Net: NetName=PA0-WKUP Pin=GPIO1-11
Removed Pin From Net: NetName=ADC_CH1 Pin=GPIO1-12
Removed Pin From Net: NetName=ADC_CH2 Pin=GPIO1-13
Removed Pin From Net: NetName=GPIO_LED1 Pin=GPIO1-14
Removed Pin From Net: NetName=GPIO_LED2 Pin=GPIO1-15
Removed Pin From Net: NetName=SPI1_CLK Pin=GPIO1-16
Removed Pin From Net: NetName=SPI1_CS Pin=GPIO1-17
Removed Pin From Net: NetName=SPI1_SDA Pin=GPIO1-18
Removed Pin From Net: NetName=PC4 Pin=GPIO1-19
Removed Pin From Net: NetName=PC5 Pin=GPIO1-20
Removed Pin From Net: NetName=PB0 Pin=GPIO1-21
Removed Pin From Net: NetName=PB1 Pin=GPIO1-22
Removed Pin From Net: NetName=PB2 Pin=GPIO1-23
Removed Pin From Net: NetName=PB10 Pin=GPIO1-24
Removed Pin From Net: NetName=VCC Pin=GPIO1-25
Removed Pin From Net: NetName=VCC Pin=GPIO1-26
Removed Pin From Net: NetName=GND Pin=GPIO1-27
Removed Pin From Net: NetName=GND Pin=GPIO1-28
Removed Pin From Net: NetName=GND Pin=GPIO1-29
Removed Pin From Net: NetName=GND Pin=GPIO1-30
Removed Pin From Net: NetName=PC13-TAMP Pin=GPIO2-1
Removed Pin From Net: NetName=3V3 Pin=GPIO2-2
Removed Pin From Net: NetName=PB9 Pin=GPIO2-3
Removed Pin From Net: NetName=PB8 Pin=GPIO2-4
Removed Pin From Net: NetName=PB7 Pin=GPIO2-5
Removed Pin From Net: NetName=PB6 Pin=GPIO2-6
Removed Pin From Net: NetName=PB5 Pin=GPIO2-7
Removed Pin From Net: NetName=PB4 Pin=GPIO2-8
Removed Pin From Net: NetName=PB3 Pin=GPIO2-9
Removed Pin From Net: NetName=SYNC Pin=GPIO2-10
Removed Pin From Net: NetName=SPI3_MOSI Pin=GPIO2-11
Removed Pin From Net: NetName=SPI3_MISO Pin=GPIO2-12
Removed Pin From Net: NetName=SPI3_SCK Pin=GPIO2-13
Removed Pin From Net: NetName=SPI3_CS Pin=GPIO2-14
Removed Pin From Net: NetName=SWCLK Pin=GPIO2-15
Removed Pin From Net: NetName=SWDIO Pin=GPIO2-16
Removed Pin From Net: NetName=PA12 Pin=GPIO2-17
Removed Pin From Net: NetName=PA11 Pin=GPIO2-18
Removed Pin From Net: NetName=USART1_RX Pin=GPIO2-19
Removed Pin From Net: NetName=USART1_TX Pin=GPIO2-20
Removed Pin From Net: NetName=PA8 Pin=GPIO2-21
Removed Pin From Net: NetName=PC9 Pin=GPIO2-22
Removed Pin From Net: NetName=PC8 Pin=GPIO2-23
Removed Pin From Net: NetName=USART6_RX Pin=GPIO2-24
Removed Pin From Net: NetName=USART6_TX Pin=GPIO2-25
Removed Pin From Net: NetName=PB15 Pin=GPIO2-26
Removed Pin From Net: NetName=PB14 Pin=GPIO2-27
Removed Pin From Net: NetName=PB13 Pin=GPIO2-28
Removed Pin From Net: NetName=PB12 Pin=GPIO2-29
Removed Pin From Net: NetName=GND Pin=GPIO2-30
Added Room: Name=Analog
Added Room: Name=Keys
Added Room: Name=STM32F401RCT6最小系统板
Added Room: Name=USB-TTL
