Added Component: Designator=C1(C0603-L)
Add component (AddParameter): Name = "Value"; Value = "20pF"; VariantName = "[No Variations]"
Added Component: Designator=C2(C0603-L)
Add component (AddParameter): Name = "Value"; Value = "20pF"; VariantName = "[No Variations]"
Added Component: Designator=C3(C0603-L)
Add component (AddParameter): Name = "Value"; Value = "1uF"; VariantName = "[No Variations]"
Added Component: Designator=C4(C0603-L)
Add component (AddParameter): Name = "Value"; Value = "100nF"; VariantName = "[No Variations]"
Added Component: Designator=C5(C0603-L)
Add component (AddParameter): Name = "Value"; Value = "1uF"; VariantName = "[No Variations]"
Added Component: Designator=C7(C0603-L)
Add component (AddParameter): Name = "Value"; Value = "1uF"; VariantName = "[No Variations]"
Added Component: Designator=C8(C0603-L)
Add component (AddParameter): Name = "Value"; Value = "1uF"; VariantName = "[No Variations]"
Added Component: Designator=C9(C0603-L)
Add component (AddParameter): Name = "Value"; Value = "1uF"; VariantName = "[No Variations]"
Added Component: Designator=C11(C0603-L)
Add component (AddParameter): Name = "Value"; Value = "1uF"; VariantName = "[No Variations]"
Added Component: Designator=C12(C0603-L)
Add component (AddParameter): Name = "Value"; Value = "100nF"; VariantName = "[No Variations]"
Added Component: Designator=C15(C0603-L)
Add component (AddParameter): Name = "Value"; Value = "100nF"; VariantName = "[No Variations]"
Added Component: Designator=C16(C0603-L)
Add component (AddParameter): Name = "Value"; Value = "100nF"; VariantName = "[No Variations]"
Added Component: Designator=C17(C0603-L)
Add component (AddParameter): Name = "Value"; Value = "100nF"; VariantName = "[No Variations]"
Added Component: Designator=C18(C0603-L)
Add component (AddParameter): Name = "Value"; Value = "1uF"; VariantName = "[No Variations]"
Added Component: Designator=C19(C0603-L)
Add component (AddParameter): Name = "Value"; Value = "100nF"; VariantName = "[No Variations]"
Added Component: Designator=C20(C0603-L)
Add component (AddParameter): Name = "Value"; Value = "100nF"; VariantName = "[No Variations]"
Added Component: Designator=C21(C0603-L)
Add component (AddParameter): Name = "Value"; Value = "1uF"; VariantName = "[No Variations]"
Added Component: Designator=C22(C0603-L)
Add component (AddParameter): Name = "Value"; Value = "100nF"; VariantName = "[No Variations]"
Added Component: Designator=C23(C0603-L)
Add component (AddParameter): Name = "Value"; Value = "100nF"; VariantName = "[No Variations]"
Added Component: Designator=C24(C0603-L)
Add component (AddParameter): Name = "Value"; Value = "1uF"; VariantName = "[No Variations]"
Added Component: Designator=C25(C0603-L)
Add component (AddParameter): Name = "Value"; Value = "1uF"; VariantName = "[No Variations]"
Added Component: Designator=C26(C0603-L)
Add component (AddParameter): Name = "Value"; Value = "100nF"; VariantName = "[No Variations]"
Added Component: Designator=C27(C0603-L)
Add component (AddParameter): Name = "Value"; Value = "100nF"; VariantName = "[No Variations]"
Added Component: Designator=C28(C0603-L)
Add component (AddParameter): Name = "Value"; Value = "4.7uF"; VariantName = "[No Variations]"
Added Component: Designator=C29(C0603-L)
Add component (AddParameter): Name = "Value"; Value = "100nF"; VariantName = "[No Variations]"
Added Component: Designator=C30(C0603-L)
Add component (AddParameter): Name = "Value"; Value = "100nF"; VariantName = "[No Variations]"
Added Component: Designator=C31(C0603-L)
Add component (AddParameter): Name = "Value"; Value = "4.7uF"; VariantName = "[No Variations]"
Added Component: Designator=C32(C0603-L)
Add component (AddParameter): Name = "Value"; Value = "100nF"; VariantName = "[No Variations]"
Added Component: Designator=C33(C0603-L)
Add component (AddParameter): Name = "Value"; Value = "13pF"; VariantName = "[No Variations]"
Added Component: Designator=C34(C0603-L)
Add component (AddParameter): Name = "Value"; Value = "130pF"; VariantName = "[No Variations]"
Added Component: Designator=C35(C0603-L)
Add component (AddParameter): Name = "Value"; Value = "10pF"; VariantName = "[No Variations]"
Added Component: Designator=C36(C0603-L)
Add component (AddParameter): Name = "Value"; Value = "119pF"; VariantName = "[No Variations]"
Added Component: Designator=C37(C0603-L)
Add component (AddParameter): Name = "Value"; Value = "13pF"; VariantName = "[No Variations]"
Added Component: Designator=C38(C0603-L)
Add component (AddParameter): Name = "Value"; Value = "119pF"; VariantName = "[No Variations]"
Added Component: Designator=C39(C0603-L)
Add component (AddParameter): Name = "Value"; Value = "10pF"; VariantName = "[No Variations]"
Added Component: Designator=C40(C0603-L)
Add component (AddParameter): Name = "Value"; Value = "130pF"; VariantName = "[No Variations]"
Added Component: Designator=C41(C0603-L)
Add component (AddParameter): Name = "Value"; Value = "100nF"; VariantName = "[No Variations]"
Added Component: Designator=C42(C0603-L)
Add component (AddParameter): Name = "Value"; Value = "1uF"; VariantName = "[No Variations]"
Added Component: Designator=C43(C0603-L)
Add component (AddParameter): Name = "Value"; Value = "100nF"; VariantName = "[No Variations]"
Added Component: Designator=C44(C0603-L)
Add component (AddParameter): Name = "Value"; Value = "1uF"; VariantName = "[No Variations]"
Added Component: Designator=C45(C0603-L)
Add component (AddParameter): Name = "Value"; Value = "100nF"; VariantName = "[No Variations]"
Added Component: Designator=C46(C0603-L)
Add component (AddParameter): Name = "Value"; Value = "1uF"; VariantName = "[No Variations]"
Added Component: Designator=C47(C0603-L)
Add component (AddParameter): Name = "Value"; Value = "100nF"; VariantName = "[No Variations]"
Added Component: Designator=C48(C0603-L)
Add component (AddParameter): Name = "Value"; Value = "1uF"; VariantName = "[No Variations]"
Added Component: Designator=C49(C0603-L)
Add component (AddParameter): Name = "Value"; Value = "100nF"; VariantName = "[No Variations]"
Added Component: Designator=C50(C0603-L)
Add component (AddParameter): Name = "Value"; Value = "1uF"; VariantName = "[No Variations]"
Added Component: Designator=C51(C0603-L)
Add component (AddParameter): Name = "Value"; Value = "100nF"; VariantName = "[No Variations]"
Added Component: Designator=C52(C0603-L)
Add component (AddParameter): Name = "Value"; Value = "1uF"; VariantName = "[No Variations]"
Added Component: Designator=C53(C0603-L)
Add component (AddParameter): Name = "Value"; Value = "100nF"; VariantName = "[No Variations]"
Added Component: Designator=C54(C0603-L)
Add component (AddParameter): Name = "Value"; Value = "1uF"; VariantName = "[No Variations]"
Added Component: Designator=C55(C0603-L)
Add component (AddParameter): Name = "Value"; Value = "100nF"; VariantName = "[No Variations]"
Added Component: Designator=C56(C0603-L)
Add component (AddParameter): Name = "Value"; Value = "1uF"; VariantName = "[No Variations]"
Added Component: Designator=C57(C0603-L)
Add component (AddParameter): Name = "Value"; Value = "100nF"; VariantName = "[No Variations]"
Added Component: Designator=C58(C0603-L)
Add component (AddParameter): Name = "Value"; Value = "1uF"; VariantName = "[No Variations]"
Added Component: Designator=CH1(SMA1)
Added Component: Designator=CH2(SMA1)
Added Component: Designator=GPIO(HDR2X2)
Add component (AddParameter): Name = "LatestRevisionDate"; Value = "17-Jul-2002"; VariantName = "[No Variations]"
Add component (AddParameter): Name = "LatestRevisionNote"; Value = "Re-released for DXP Platform."; VariantName = "[No Variations]"
Add component (AddParameter): Name = "Publisher"; Value = "Altium Limited"; VariantName = "[No Variations]"
Added Component: Designator=IOVDD(JUMPER1x3)
Added Component: Designator=LED1(Led-0805_L)
Added Component: Designator=LED2(Led-0805_L)
Added Component: Designator=LED3(Led-0805_L)
Added Component: Designator=POWER(SIPA03)
Added Component: Designator=R3(R0603-L)
Add component (AddParameter): Name = "Value"; Value = "10K"; VariantName = "[No Variations]"
Added Component: Designator=R4(R0603-L)
Add component (AddParameter): Name = "Value"; Value = "10K"; VariantName = "[No Variations]"
Added Component: Designator=R5(R0603-L)
Add component (AddParameter): Name = "Value"; Value = "10K"; VariantName = "[No Variations]"
Added Component: Designator=R6(R0603-L)
Add component (AddParameter): Name = "Value"; Value = "10K"; VariantName = "[No Variations]"
Added Component: Designator=R7(R0603-L)
Add component (AddParameter): Name = "Value"; Value = "0R"; VariantName = "[No Variations]"
Added Component: Designator=R8(R0603-L)
Add component (AddParameter): Name = "Value"; Value = "1K"; VariantName = "[No Variations]"
Added Component: Designator=R9(R0603-L)
Add component (AddParameter): Name = "Value"; Value = "1K"; VariantName = "[No Variations]"
Added Component: Designator=R10(R0603-L)
Add component (AddParameter): Name = "Value"; Value = "600R"; VariantName = "[No Variations]"
Added Component: Designator=R11(R0603-L)
Add component (AddParameter): Name = "Value"; Value = "6.25K"; VariantName = "[No Variations]"
Added Component: Designator=R12(R0603-L)
Add component (AddParameter): Name = "Value"; Value = "177K"; VariantName = "[No Variations]"
Added Component: Designator=R13(R0603-L)
Add component (AddParameter): Name = "Value"; Value = "31.9K"; VariantName = "[No Variations]"
Added Component: Designator=R14(R0603-L)
Add component (AddParameter): Name = "Value"; Value = "31.9K"; VariantName = "[No Variations]"
Added Component: Designator=R15(R0603-L)
Add component (AddParameter): Name = "Value"; Value = "6.25K"; VariantName = "[No Variations]"
Added Component: Designator=R16(R0603-L)
Add component (AddParameter): Name = "Value"; Value = "177K"; VariantName = "[No Variations]"
Added Component: Designator=R17(R0603-L)
Add component (AddParameter): Name = "Value"; Value = "31.9K"; VariantName = "[No Variations]"
Added Component: Designator=R18(R0603-L)
Add component (AddParameter): Name = "Value"; Value = "31.9K"; VariantName = "[No Variations]"
Added Component: Designator=R19(R0603-L)
Add component (AddParameter): Name = "Value"; Value = "1K"; VariantName = "[No Variations]"
Added Component: Designator=R20(R0603-L)
Add component (AddParameter): Name = "Value"; Value = "1K"; VariantName = "[No Variations]"
Added Component: Designator=R21(R0603-L)
Add component (AddParameter): Name = "Value"; Value = "1K"; VariantName = "[No Variations]"
Added Component: Designator=R22(R0603-L)
Add component (AddParameter): Name = "Value"; Value = "1K"; VariantName = "[No Variations]"
Added Component: Designator=R23(R0603-L)
Add component (AddParameter): Name = "Value"; Value = "1K"; VariantName = "[No Variations]"
Added Component: Designator=R24(R0603-L)
Add component (AddParameter): Name = "Value"; Value = "1K"; VariantName = "[No Variations]"
Added Component: Designator=R25(R0603-L)
Add component (AddParameter): Name = "Value"; Value = "1K"; VariantName = "[No Variations]"
Added Component: Designator=R26(R0603-L)
Add component (AddParameter): Name = "Value"; Value = "1K"; VariantName = "[No Variations]"
Added Component: Designator=R27(R0603-L)
Add component (AddParameter): Name = "Value"; Value = "0R"; VariantName = "[No Variations]"
Added Component: Designator=R28(R0603-L)
Add component (AddParameter): Name = "Value"; Value = "0R"; VariantName = "[No Variations]"
Added Component: Designator=R29(R0603-L)
Add component (AddParameter): Name = "Value"; Value = "0R"; VariantName = "[No Variations]"
Added Component: Designator=R30(R0603-L)
Add component (AddParameter): Name = "Value"; Value = "0R"; VariantName = "[No Variations]"
Added Component: Designator=R31(R0603-L)
Add component (AddParameter): Name = "Value"; Value = "0R"; VariantName = "[No Variations]"
Added Component: Designator=R32(R0603-L)
Add component (AddParameter): Name = "Value"; Value = "0R"; VariantName = "[No Variations]"
Added Component: Designator=SPI(DC-10P)
Added Component: Designator=U1(RU_24_ADI)
Add component (AddParameter): Name = "Copyright"; Value = "Copyright (C) 2021 Ultra Librarian. All rights reserved."; VariantName = "[No Variations]"
Add component (AddParameter): Name = "Manufacturer_Part_Number"; Value = "AD7175-2BRUZ"; VariantName = "[No Variations]"
Add component (AddParameter): Name = "Mfr_Name"; Value = "Analog Devices Inc"; VariantName = "[No Variations]"
Add component (AddParameter): Name = "RefDes"; Value = "RefDes"; VariantName = "[No Variations]"
Add component (AddParameter): Name = "Type"; Value = "DEV"; VariantName = "[No Variations]"
Added Component: Designator=U2(SOT-223)
Added Component: Designator=U3(R_8_ADI)
Add component (AddParameter): Name = "Copyright"; Value = "Copyright (C) 2021 Ultra Librarian. All rights reserved."; VariantName = "[No Variations]"
Add component (AddParameter): Name = "Manufacturer_Part_Number"; Value = "ADR4540ARZ"; VariantName = "[No Variations]"
Add component (AddParameter): Name = "Mfr_Name"; Value = "Analog Devices Inc"; VariantName = "[No Variations]"
Add component (AddParameter): Name = "RefDes"; Value = "RefDes"; VariantName = "[No Variations]"
Add component (AddParameter): Name = "Type"; Value = "DEV"; VariantName = "[No Variations]"
Added Component: Designator=U4(R_8_ADI)
Add component (AddParameter): Name = "Copyright"; Value = "Copyright (C) 2021 Ultra Librarian. All rights reserved."; VariantName = "[No Variations]"
Add component (AddParameter): Name = "Manufacturer_Part_Number"; Value = "AD8628ARZ"; VariantName = "[No Variations]"
Add component (AddParameter): Name = "Mfr_Name"; Value = "Analog Devices Inc"; VariantName = "[No Variations]"
Add component (AddParameter): Name = "RefDes"; Value = "RefDes"; VariantName = "[No Variations]"
Add component (AddParameter): Name = "Type"; Value = "DEV"; VariantName = "[No Variations]"
Added Component: Designator=U5(R_8_ADI)
Add component (AddParameter): Name = "Copyright"; Value = "Copyright (C) 2021 Ultra Librarian. All rights reserved."; VariantName = "[No Variations]"
Add component (AddParameter): Name = "Manufacturer_Part_Number"; Value = "ADA4084-2ARZ"; VariantName = "[No Variations]"
Add component (AddParameter): Name = "Mfr_Name"; Value = "Analog Devices Inc"; VariantName = "[No Variations]"
Add component (AddParameter): Name = "RefDes"; Value = "RefDes"; VariantName = "[No Variations]"
Add component (AddParameter): Name = "Type"; Value = "DEV"; VariantName = "[No Variations]"
Added Component: Designator=U6(R_8_ADI)
Add component (AddParameter): Name = "Copyright"; Value = "Copyright (C) 2021 Ultra Librarian. All rights reserved."; VariantName = "[No Variations]"
Add component (AddParameter): Name = "Manufacturer_Part_Number"; Value = "ADA4084-2ARZ"; VariantName = "[No Variations]"
Add component (AddParameter): Name = "Mfr_Name"; Value = "Analog Devices Inc"; VariantName = "[No Variations]"
Add component (AddParameter): Name = "RefDes"; Value = "RefDes"; VariantName = "[No Variations]"
Add component (AddParameter): Name = "Type"; Value = "DEV"; VariantName = "[No Variations]"
Added Component: Designator=U7(R_8_ADI)
Add component (AddParameter): Name = "Copyright"; Value = "Copyright (C) 2021 Ultra Librarian. All rights reserved."; VariantName = "[No Variations]"
Add component (AddParameter): Name = "Manufacturer_Part_Number"; Value = "ADA4084-2ARZ"; VariantName = "[No Variations]"
Add component (AddParameter): Name = "Mfr_Name"; Value = "Analog Devices Inc"; VariantName = "[No Variations]"
Add component (AddParameter): Name = "RefDes"; Value = "RefDes"; VariantName = "[No Variations]"
Add component (AddParameter): Name = "Type"; Value = "DEV"; VariantName = "[No Variations]"
Added Component: Designator=U8(CP_16_22)
Added Component: Designator=U9(CP_16_22)
Added Component: Designator=Y1(XTAL-PB2-DIP)
Add component (AddParameter): Name = "Value"; Value = "16M"; VariantName = "[No Variations]"
Added Pin To Net: NetName=3V3 Pin=C20-2
Added Pin To Net: NetName=3V3 Pin=C21-2
Added Pin To Net: NetName=3V3 Pin=IOVDD-1
Added Pin To Net: NetName=3V3 Pin=LED3-1
Added Pin To Net: NetName=3V3 Pin=U2-2
Added Pin To Net: NetName=3V3 Pin=U2-2
Added Net: Name=3V3
Added Pin To Net: NetName=AIN0 Pin=U1-21
Added Pin To Net: NetName=AIN0 Pin=U8-10
Added Net: Name=AIN0
Added Pin To Net: NetName=AIN1 Pin=U1-22
Added Pin To Net: NetName=AIN1 Pin=U8-11
Added Net: Name=AIN1
Added Pin To Net: NetName=AIN2 Pin=U1-23
Added Pin To Net: NetName=AIN2 Pin=U9-10
Added Net: Name=AIN2
Added Pin To Net: NetName=AIN3 Pin=U1-24
Added Pin To Net: NetName=AIN3 Pin=U9-11
Added Net: Name=AIN3
Added Pin To Net: NetName=AVSS Pin=C7-2
Added Pin To Net: NetName=AVSS Pin=C8-2
Added Pin To Net: NetName=AVSS Pin=C9-1
Added Pin To Net: NetName=AVSS Pin=C11-2
Added Pin To Net: NetName=AVSS Pin=C12-2
Added Pin To Net: NetName=AVSS Pin=C16-1
Added Pin To Net: NetName=AVSS Pin=C17-1
Added Pin To Net: NetName=AVSS Pin=C18-1
Added Pin To Net: NetName=AVSS Pin=C19-1
Added Pin To Net: NetName=AVSS Pin=C20-1
Added Pin To Net: NetName=AVSS Pin=C21-1
Added Pin To Net: NetName=AVSS Pin=C22-2
Added Pin To Net: NetName=AVSS Pin=C23-2
Added Pin To Net: NetName=AVSS Pin=C24-2
Added Pin To Net: NetName=AVSS Pin=C25-2
Added Pin To Net: NetName=AVSS Pin=C26-2
Added Pin To Net: NetName=AVSS Pin=C27-2
Added Pin To Net: NetName=AVSS Pin=C30-1
Added Pin To Net: NetName=AVSS Pin=C31-1
Added Pin To Net: NetName=AVSS Pin=C32-1
Added Pin To Net: NetName=AVSS Pin=C33-1
Added Pin To Net: NetName=AVSS Pin=C35-1
Added Pin To Net: NetName=AVSS Pin=C37-1
Added Pin To Net: NetName=AVSS Pin=C39-1
Added Pin To Net: NetName=AVSS Pin=C41-1
Added Pin To Net: NetName=AVSS Pin=C42-1
Added Pin To Net: NetName=AVSS Pin=C43-1
Added Pin To Net: NetName=AVSS Pin=C44-1
Added Pin To Net: NetName=AVSS Pin=C45-1
Added Pin To Net: NetName=AVSS Pin=C46-1
Added Pin To Net: NetName=AVSS Pin=C47-1
Added Pin To Net: NetName=AVSS Pin=C48-1
Added Pin To Net: NetName=AVSS Pin=C49-1
Added Pin To Net: NetName=AVSS Pin=C50-1
Added Pin To Net: NetName=AVSS Pin=C51-1
Added Pin To Net: NetName=AVSS Pin=C52-1
Added Pin To Net: NetName=AVSS Pin=C53-1
Added Pin To Net: NetName=AVSS Pin=C54-1
Added Pin To Net: NetName=AVSS Pin=C55-1
Added Pin To Net: NetName=AVSS Pin=C56-1
Added Pin To Net: NetName=AVSS Pin=C57-1
Added Pin To Net: NetName=AVSS Pin=C58-1
Added Pin To Net: NetName=AVSS Pin=CH1-2
Added Pin To Net: NetName=AVSS Pin=CH1-2
Added Pin To Net: NetName=AVSS Pin=CH1-2
Added Pin To Net: NetName=AVSS Pin=CH1-2
Added Pin To Net: NetName=AVSS Pin=CH2-2
Added Pin To Net: NetName=AVSS Pin=CH2-2
Added Pin To Net: NetName=AVSS Pin=CH2-2
Added Pin To Net: NetName=AVSS Pin=CH2-2
Added Pin To Net: NetName=AVSS Pin=GPIO-2
Added Pin To Net: NetName=AVSS Pin=GPIO-4
Added Pin To Net: NetName=AVSS Pin=POWER-2
Added Pin To Net: NetName=AVSS Pin=R3-1
Added Pin To Net: NetName=AVSS Pin=R4-1
Added Pin To Net: NetName=AVSS Pin=R7-1
Added Pin To Net: NetName=AVSS Pin=R8-2
Added Pin To Net: NetName=AVSS Pin=R9-2
Added Pin To Net: NetName=AVSS Pin=R10-2
Added Pin To Net: NetName=AVSS Pin=R22-1
Added Pin To Net: NetName=AVSS Pin=R23-1
Added Pin To Net: NetName=AVSS Pin=R29-2
Added Pin To Net: NetName=AVSS Pin=R31-2
Added Pin To Net: NetName=AVSS Pin=U1-2
Added Pin To Net: NetName=AVSS Pin=U1-6
Added Pin To Net: NetName=AVSS Pin=U2-1
Added Pin To Net: NetName=AVSS Pin=U3-4
Added Pin To Net: NetName=AVSS Pin=U4-4
Added Pin To Net: NetName=AVSS Pin=U8-13
Added Pin To Net: NetName=AVSS Pin=U8-14
Added Pin To Net: NetName=AVSS Pin=U8-15
Added Pin To Net: NetName=AVSS Pin=U9-13
Added Pin To Net: NetName=AVSS Pin=U9-14
Added Pin To Net: NetName=AVSS Pin=U9-15
Added Net: Name=AVSS
Added Pin To Net: NetName=CH1_Filter Pin=C36-2
Added Pin To Net: NetName=CH1_Filter Pin=R20-1
Added Pin To Net: NetName=CH1_Filter Pin=U6-6
Added Pin To Net: NetName=CH1_Filter Pin=U6-7
Added Net: Name=CH1_Filter
Added Pin To Net: NetName=CH1_Foller Pin=R11-1
Added Pin To Net: NetName=CH1_Foller Pin=U5-1
Added Pin To Net: NetName=CH1_Foller Pin=U5-2
Added Net: Name=CH1_Foller
Added Pin To Net: NetName=CH2_Filter Pin=C38-2
Added Pin To Net: NetName=CH2_Filter Pin=R25-1
Added Pin To Net: NetName=CH2_Filter Pin=U7-6
Added Pin To Net: NetName=CH2_Filter Pin=U7-7
Added Net: Name=CH2_Filter
Added Pin To Net: NetName=CH2_Foller Pin=R15-1
Added Pin To Net: NetName=CH2_Foller Pin=U5-6
Added Pin To Net: NetName=CH2_Foller Pin=U5-7
Added Net: Name=CH2_Foller
Added Pin To Net: NetName=CS Pin=R5-1
Added Pin To Net: NetName=CS Pin=SPI-4
Added Pin To Net: NetName=CS Pin=U1-14
Added Net: Name=CS
Added Pin To Net: NetName=DGND Pin=C1-2
Added Pin To Net: NetName=DGND Pin=C2-2
Added Pin To Net: NetName=DGND Pin=C3-1
Added Pin To Net: NetName=DGND Pin=C4-1
Added Pin To Net: NetName=DGND Pin=C5-1
Added Pin To Net: NetName=DGND Pin=C11-1
Added Pin To Net: NetName=DGND Pin=C12-1
Added Pin To Net: NetName=DGND Pin=C15-1
Added Pin To Net: NetName=DGND Pin=C28-1
Added Pin To Net: NetName=DGND Pin=C29-1
Added Pin To Net: NetName=DGND Pin=C30-2
Added Pin To Net: NetName=DGND Pin=R7-2
Added Pin To Net: NetName=DGND Pin=SPI-6
Added Pin To Net: NetName=DGND Pin=SPI-7
Added Pin To Net: NetName=DGND Pin=SPI-8
Added Pin To Net: NetName=DGND Pin=SPI-9
Added Pin To Net: NetName=DGND Pin=SPI-10
Added Pin To Net: NetName=DGND Pin=U1-17
Added Pin To Net: NetName=DGND Pin=U8-16
Added Pin To Net: NetName=DGND Pin=U9-16
Added Net: Name=DGND
Added Pin To Net: NetName=DIN Pin=SPI-1
Added Pin To Net: NetName=DIN Pin=U1-12
Added Net: Name=DIN
Added Pin To Net: NetName=DOUT Pin=SPI-2
Added Pin To Net: NetName=DOUT Pin=U1-11
Added Net: Name=DOUT
Added Pin To Net: NetName=GPIO0 Pin=GPIO-1
Added Pin To Net: NetName=GPIO0 Pin=R4-2
Added Pin To Net: NetName=GPIO0 Pin=U1-19
Added Net: Name=GPIO0
Added Pin To Net: NetName=GPIO1 Pin=GPIO-3
Added Pin To Net: NetName=GPIO1 Pin=R3-2
Added Pin To Net: NetName=GPIO1 Pin=U1-20
Added Net: Name=GPIO1
Added Pin To Net: NetName=IOVDD Pin=C3-2
Added Pin To Net: NetName=IOVDD Pin=C4-2
Added Pin To Net: NetName=IOVDD Pin=IOVDD-2
Added Pin To Net: NetName=IOVDD Pin=R5-2
Added Pin To Net: NetName=IOVDD Pin=R6-2
Added Pin To Net: NetName=IOVDD Pin=U1-16
Added Net: Name=IOVDD
Added Pin To Net: NetName=NetC31_2 Pin=C31-2
Added Pin To Net: NetName=NetC31_2 Pin=C32-2
Added Pin To Net: NetName=NetC31_2 Pin=U3-6
Added Pin To Net: NetName=NetC31_2 Pin=U4-3
Added Net: Name=NetC31_2
Added Pin To Net: NetName=NetC33_2 Pin=C33-2
Added Pin To Net: NetName=NetC33_2 Pin=R12-2
Added Pin To Net: NetName=NetC33_2 Pin=U6-3
Added Net: Name=NetC33_2
Added Pin To Net: NetName=NetC34_1 Pin=C34-1
Added Pin To Net: NetName=NetC34_1 Pin=R11-2
Added Pin To Net: NetName=NetC34_1 Pin=R12-1
Added Net: Name=NetC34_1
Added Pin To Net: NetName=NetC34_2 Pin=C34-2
Added Pin To Net: NetName=NetC34_2 Pin=R14-2
Added Pin To Net: NetName=NetC34_2 Pin=U6-1
Added Pin To Net: NetName=NetC34_2 Pin=U6-2
Added Net: Name=NetC34_2
Added Pin To Net: NetName=NetC35_2 Pin=C35-2
Added Pin To Net: NetName=NetC35_2 Pin=R13-1
Added Pin To Net: NetName=NetC35_2 Pin=U6-5
Added Net: Name=NetC35_2
Added Pin To Net: NetName=NetC36_1 Pin=C36-1
Added Pin To Net: NetName=NetC36_1 Pin=R13-2
Added Pin To Net: NetName=NetC36_1 Pin=R14-1
Added Net: Name=NetC36_1
Added Pin To Net: NetName=NetC37_2 Pin=C37-2
Added Pin To Net: NetName=NetC37_2 Pin=R16-2
Added Pin To Net: NetName=NetC37_2 Pin=U7-3
Added Net: Name=NetC37_2
Added Pin To Net: NetName=NetC38_1 Pin=C38-1
Added Pin To Net: NetName=NetC38_1 Pin=R17-1
Added Pin To Net: NetName=NetC38_1 Pin=R18-2
Added Net: Name=NetC38_1
Added Pin To Net: NetName=NetC39_2 Pin=C39-2
Added Pin To Net: NetName=NetC39_2 Pin=R18-1
Added Pin To Net: NetName=NetC39_2 Pin=U7-5
Added Net: Name=NetC39_2
Added Pin To Net: NetName=NetC40_1 Pin=C40-1
Added Pin To Net: NetName=NetC40_1 Pin=R15-2
Added Pin To Net: NetName=NetC40_1 Pin=R16-1
Added Net: Name=NetC40_1
Added Pin To Net: NetName=NetC40_2 Pin=C40-2
Added Pin To Net: NetName=NetC40_2 Pin=R17-2
Added Pin To Net: NetName=NetC40_2 Pin=U7-1
Added Pin To Net: NetName=NetC40_2 Pin=U7-2
Added Net: Name=NetC40_2
Added Pin To Net: NetName=NetCH1_1 Pin=CH1-1
Added Pin To Net: NetName=NetCH1_1 Pin=U5-3
Added Net: Name=NetCH1_1
Added Pin To Net: NetName=NetCH2_1 Pin=CH2-1
Added Pin To Net: NetName=NetCH2_1 Pin=U5-5
Added Net: Name=NetCH2_1
Added Pin To Net: NetName=NetLED1_2 Pin=LED1-2
Added Pin To Net: NetName=NetLED1_2 Pin=R8-1
Added Net: Name=NetLED1_2
Added Pin To Net: NetName=NetLED2_1 Pin=LED2-1
Added Pin To Net: NetName=NetLED2_1 Pin=R9-1
Added Net: Name=NetLED2_1
Added Pin To Net: NetName=NetLED3_2 Pin=LED3-2
Added Pin To Net: NetName=NetLED3_2 Pin=R10-1
Added Net: Name=NetLED3_2
Added Pin To Net: NetName=NetR19_1 Pin=R19-1
Added Pin To Net: NetName=NetR19_1 Pin=R20-2
Added Pin To Net: NetName=NetR19_1 Pin=U8-3
Added Net: Name=NetR19_1
Added Pin To Net: NetName=NetR19_2 Pin=R19-2
Added Pin To Net: NetName=NetR19_2 Pin=U8-4
Added Net: Name=NetR19_2
Added Pin To Net: NetName=NetR21_1 Pin=R21-1
Added Pin To Net: NetName=NetR21_1 Pin=R22-2
Added Pin To Net: NetName=NetR21_1 Pin=U8-2
Added Net: Name=NetR21_1
Added Pin To Net: NetName=NetR21_2 Pin=R21-2
Added Pin To Net: NetName=NetR21_2 Pin=U8-1
Added Net: Name=NetR21_2
Added Pin To Net: NetName=NetR23_2 Pin=R23-2
Added Pin To Net: NetName=NetR23_2 Pin=R24-1
Added Pin To Net: NetName=NetR23_2 Pin=U9-2
Added Net: Name=NetR23_2
Added Pin To Net: NetName=NetR24_2 Pin=R24-2
Added Pin To Net: NetName=NetR24_2 Pin=U9-1
Added Net: Name=NetR24_2
Added Pin To Net: NetName=NetR25_2 Pin=R25-2
Added Pin To Net: NetName=NetR25_2 Pin=R26-1
Added Pin To Net: NetName=NetR25_2 Pin=U9-3
Added Net: Name=NetR25_2
Added Pin To Net: NetName=NetR26_2 Pin=R26-2
Added Pin To Net: NetName=NetR26_2 Pin=U9-4
Added Net: Name=NetR26_2
Added Pin To Net: NetName=NetR27_1 Pin=R27-1
Added Pin To Net: NetName=NetR27_1 Pin=U8-12
Added Net: Name=NetR27_1
Added Pin To Net: NetName=NetR28_1 Pin=R28-1
Added Pin To Net: NetName=NetR28_1 Pin=U9-12
Added Net: Name=NetR28_1
Added Pin To Net: NetName=NetR29_1 Pin=R29-1
Added Pin To Net: NetName=NetR29_1 Pin=R30-1
Added Pin To Net: NetName=NetR29_1 Pin=U8-5
Added Net: Name=NetR29_1
Added Pin To Net: NetName=NetR31_1 Pin=R31-1
Added Pin To Net: NetName=NetR31_1 Pin=R32-1
Added Pin To Net: NetName=NetR31_1 Pin=U9-5
Added Net: Name=NetR31_1
Added Pin To Net: NetName=REF_2V5 Pin=C17-2
Added Pin To Net: NetName=REF_2V5 Pin=U1-4
Added Pin To Net: NetName=REF_2V5 Pin=U8-9
Added Pin To Net: NetName=REF_2V5 Pin=U9-9
Added Net: Name=REF_2V5
Added Pin To Net: NetName=REF_4V096 Pin=U1-3
Added Pin To Net: NetName=REF_4V096 Pin=U4-2
Added Pin To Net: NetName=REF_4V096 Pin=U4-6
Added Pin To Net: NetName=REF_4V096 Pin=U8-8
Added Pin To Net: NetName=REF_4V096 Pin=U9-8
Added Net: Name=REF_4V096
Added Pin To Net: NetName=REGCAPA Pin=C9-2
Added Pin To Net: NetName=REGCAPA Pin=C16-2
Added Pin To Net: NetName=REGCAPA Pin=U1-5
Added Net: Name=REGCAPA
Added Pin To Net: NetName=REGCAPD Pin=C5-2
Added Pin To Net: NetName=REGCAPD Pin=C15-2
Added Pin To Net: NetName=REGCAPD Pin=U1-18
Added Net: Name=REGCAPD
Added Pin To Net: NetName=SCLK Pin=SPI-3
Added Pin To Net: NetName=SCLK Pin=U1-13
Added Net: Name=SCLK
Added Pin To Net: NetName=SYNC Pin=R6-1
Added Pin To Net: NetName=SYNC Pin=SPI-5
Added Pin To Net: NetName=SYNC Pin=U1-15
Added Net: Name=SYNC
Added Pin To Net: NetName=VCC Pin=C7-1
Added Pin To Net: NetName=VCC Pin=C8-1
Added Pin To Net: NetName=VCC Pin=C18-2
Added Pin To Net: NetName=VCC Pin=C19-2
Added Pin To Net: NetName=VCC Pin=C22-1
Added Pin To Net: NetName=VCC Pin=C23-1
Added Pin To Net: NetName=VCC Pin=C28-2
Added Pin To Net: NetName=VCC Pin=C29-2
Added Pin To Net: NetName=VCC Pin=C41-2
Added Pin To Net: NetName=VCC Pin=C42-2
Added Pin To Net: NetName=VCC Pin=C45-2
Added Pin To Net: NetName=VCC Pin=C46-2
Added Pin To Net: NetName=VCC Pin=C49-2
Added Pin To Net: NetName=VCC Pin=C50-2
Added Pin To Net: NetName=VCC Pin=C53-2
Added Pin To Net: NetName=VCC Pin=C54-2
Added Pin To Net: NetName=VCC Pin=C55-2
Added Pin To Net: NetName=VCC Pin=C56-2
Added Pin To Net: NetName=VCC Pin=C57-2
Added Pin To Net: NetName=VCC Pin=C58-2
Added Pin To Net: NetName=VCC Pin=IOVDD-3
Added Pin To Net: NetName=VCC Pin=LED1-1
Added Pin To Net: NetName=VCC Pin=POWER-1
Added Pin To Net: NetName=VCC Pin=R27-2
Added Pin To Net: NetName=VCC Pin=R28-2
Added Pin To Net: NetName=VCC Pin=R30-2
Added Pin To Net: NetName=VCC Pin=R32-2
Added Pin To Net: NetName=VCC Pin=U1-7
Added Pin To Net: NetName=VCC Pin=U1-8
Added Pin To Net: NetName=VCC Pin=U2-3
Added Pin To Net: NetName=VCC Pin=U3-2
Added Pin To Net: NetName=VCC Pin=U4-7
Added Pin To Net: NetName=VCC Pin=U5-8
Added Pin To Net: NetName=VCC Pin=U6-8
Added Pin To Net: NetName=VCC Pin=U7-8
Added Pin To Net: NetName=VCC Pin=U8-6
Added Pin To Net: NetName=VCC Pin=U8-7
Added Pin To Net: NetName=VCC Pin=U9-6
Added Pin To Net: NetName=VCC Pin=U9-7
Added Net: Name=VCC
Added Pin To Net: NetName=VEE Pin=C24-1
Added Pin To Net: NetName=VEE Pin=C25-1
Added Pin To Net: NetName=VEE Pin=C26-1
Added Pin To Net: NetName=VEE Pin=C27-1
Added Pin To Net: NetName=VEE Pin=C43-2
Added Pin To Net: NetName=VEE Pin=C44-2
Added Pin To Net: NetName=VEE Pin=C47-2
Added Pin To Net: NetName=VEE Pin=C48-2
Added Pin To Net: NetName=VEE Pin=C51-2
Added Pin To Net: NetName=VEE Pin=C52-2
Added Pin To Net: NetName=VEE Pin=LED2-2
Added Pin To Net: NetName=VEE Pin=POWER-3
Added Pin To Net: NetName=VEE Pin=U5-4
Added Pin To Net: NetName=VEE Pin=U6-4
Added Pin To Net: NetName=VEE Pin=U7-4
Added Net: Name=VEE
Added Pin To Net: NetName=XTAL1 Pin=C2-1
Added Pin To Net: NetName=XTAL1 Pin=U1-9
Added Pin To Net: NetName=XTAL1 Pin=Y1-1
Added Net: Name=XTAL1
Added Pin To Net: NetName=XTAL2 Pin=C1-1
Added Pin To Net: NetName=XTAL2 Pin=U1-10
Added Pin To Net: NetName=XTAL2 Pin=Y1-2
Added Net: Name=XTAL2
Added Class: Name=core
Added Class: Name=fda
Added Class: Name=filter
Added Class: Name=power
Added Class: Name=reference
Added Room: Name=core
Added Room: Name=fda
Added Room: Name=filter
Added Room: Name=power
Added Room: Name=reference
